<?xml version="1.0" encoding="UTF-8"?>
<coverage generated="1570192100">
  <project timestamp="1570192100">
    <package name="Refactor\Command">
      <file name="/Users/rintveld/Projects/refactor-it/src/Refactor/Command/RefactorCommand.php">
        <class name="Refactor\Command\RefactorCommand" namespace="Refactor\Command" fullPackage="Refactor" package="Refactor">
          <metrics complexity="6" methods="3" coveredmethods="3" conditionals="0" coveredconditionals="0" statements="18" coveredstatements="18" elements="21" coveredelements="21"/>
        </class>
        <line num="19" type="method" name="getCommand" visibility="public" complexity="2" crap="2" count="2"/>
        <line num="21" type="stmt" count="2"/>
        <line num="22" type="stmt" count="1"/>
        <line num="25" type="stmt" count="1"/>
        <line num="28" type="stmt" count="1"/>
        <line num="29" type="stmt" count="1"/>
        <line num="30" type="stmt" count="1"/>
        <line num="31" type="stmt" count="1"/>
        <line num="32" type="stmt" count="1"/>
        <line num="33" type="stmt" count="1"/>
        <line num="34" type="stmt" count="1"/>
        <line num="35" type="stmt" count="1"/>
        <line num="43" type="method" name="getRules" visibility="private" complexity="2" crap="2" count="1"/>
        <line num="45" type="stmt" count="1"/>
        <line num="54" type="stmt" count="1"/>
        <line num="55" type="stmt" count="1"/>
        <line num="56" type="stmt" count="1"/>
        <line num="58" type="stmt" count="1"/>
        <line num="65" type="method" name="getInlineRules" visibility="private" complexity="2" crap="2" count="1"/>
        <line num="67" type="stmt" count="1"/>
        <line num="69" type="stmt" count="1"/>
        <metrics loc="71" ncloc="50" classes="1" methods="3" coveredmethods="3" conditionals="0" coveredconditionals="0" statements="18" coveredstatements="18" elements="21" coveredelements="21"/>
      </file>
    </package>
    <file name="/Users/rintveld/Projects/refactor-it/src/Refactor/Common/CommandInterface.php">
      <metrics loc="21" ncloc="11" classes="0" methods="0" coveredmethods="0" conditionals="0" coveredconditionals="0" statements="0" coveredstatements="0" elements="0" coveredelements="0"/>
    </file>
    <file name="/Users/rintveld/Projects/refactor-it/src/Refactor/Common/JsonParserInterface.php">
      <metrics loc="20" ncloc="9" classes="0" methods="0" coveredmethods="0" conditionals="0" coveredconditionals="0" statements="0" coveredstatements="0" elements="0" coveredelements="0"/>
    </file>
    <file name="/Users/rintveld/Projects/refactor-it/src/Refactor/Common/NotifierInterface.php">
      <metrics loc="19" ncloc="10" classes="0" methods="0" coveredmethods="0" conditionals="0" coveredconditionals="0" statements="0" coveredstatements="0" elements="0" coveredelements="0"/>
    </file>
    <package name="Refactor\Config">
      <file name="/Users/rintveld/Projects/refactor-it/src/Refactor/Config/Rules.php">
        <class name="Refactor\Config\Rules" namespace="Refactor\Config" fullPackage="Refactor" package="Refactor">
          <metrics complexity="106" methods="27" coveredmethods="24" conditionals="0" coveredconditionals="0" statements="116" coveredstatements="104" elements="143" coveredelements="128"/>
        </class>
        <line num="119" type="method" name="setOrderedClassElements" visibility="public" complexity="1" crap="1" count="2"/>
        <line num="121" type="stmt" count="2"/>
        <line num="122" type="stmt" count="2"/>
        <line num="136" type="method" name="setArraySyntax" visibility="public" complexity="1" crap="1" count="2"/>
        <line num="138" type="stmt" count="2"/>
        <line num="139" type="stmt" count="2"/>
        <line num="153" type="method" name="setConcatSpace" visibility="public" complexity="1" crap="1" count="2"/>
        <line num="155" type="stmt" count="2"/>
        <line num="156" type="stmt" count="2"/>
        <line num="170" type="method" name="setPhpdocTrim" visibility="public" complexity="1" crap="1" count="2"/>
        <line num="172" type="stmt" count="2"/>
        <line num="173" type="stmt" count="2"/>
        <line num="187" type="method" name="setPhpdocOrder" visibility="public" complexity="1" crap="1" count="2"/>
        <line num="189" type="stmt" count="2"/>
        <line num="190" type="stmt" count="2"/>
        <line num="204" type="method" name="setPhpdocScalar" visibility="public" complexity="1" crap="1" count="2"/>
        <line num="206" type="stmt" count="2"/>
        <line num="207" type="stmt" count="2"/>
        <line num="221" type="method" name="setPhpdocTypes" visibility="public" complexity="1" crap="1" count="2"/>
        <line num="223" type="stmt" count="2"/>
        <line num="224" type="stmt" count="2"/>
        <line num="238" type="method" name="setOrderedImports" visibility="public" complexity="1" crap="1" count="2"/>
        <line num="240" type="stmt" count="2"/>
        <line num="241" type="stmt" count="2"/>
        <line num="255" type="method" name="setBlankLineBeforeReturn" visibility="public" complexity="1" crap="2.00" count="0"/>
        <line num="257" type="stmt" count="0"/>
        <line num="258" type="stmt" count="0"/>
        <line num="272" type="method" name="setNoBlankLinesBeforeNamespace" visibility="public" complexity="1" crap="1" count="2"/>
        <line num="274" type="stmt" count="2"/>
        <line num="275" type="stmt" count="2"/>
        <line num="289" type="method" name="setNoBlankLinesAfterPhpdoc" visibility="public" complexity="1" crap="1" count="2"/>
        <line num="291" type="stmt" count="2"/>
        <line num="292" type="stmt" count="2"/>
        <line num="306" type="method" name="setNoEmptyPhpdoc" visibility="public" complexity="1" crap="1" count="2"/>
        <line num="308" type="stmt" count="2"/>
        <line num="309" type="stmt" count="2"/>
        <line num="323" type="method" name="setNoEmptyStatement" visibility="public" complexity="1" crap="1" count="2"/>
        <line num="325" type="stmt" count="2"/>
        <line num="326" type="stmt" count="2"/>
        <line num="340" type="method" name="setNoMixedEchoPrint" visibility="public" complexity="1" crap="1" count="2"/>
        <line num="342" type="stmt" count="2"/>
        <line num="343" type="stmt" count="2"/>
        <line num="357" type="method" name="setNoTrailingWhitespace" visibility="public" complexity="1" crap="1" count="2"/>
        <line num="359" type="stmt" count="2"/>
        <line num="360" type="stmt" count="2"/>
        <line num="374" type="method" name="setNoUnusedImports" visibility="public" complexity="1" crap="1" count="2"/>
        <line num="376" type="stmt" count="2"/>
        <line num="377" type="stmt" count="2"/>
        <line num="391" type="method" name="setNoWhitespaceInBlankLine" visibility="public" complexity="1" crap="1" count="2"/>
        <line num="393" type="stmt" count="2"/>
        <line num="394" type="stmt" count="2"/>
        <line num="408" type="method" name="setObjectOperatorWithoutWhitespace" visibility="public" complexity="1" crap="1" count="2"/>
        <line num="410" type="stmt" count="2"/>
        <line num="411" type="stmt" count="2"/>
        <line num="425" type="method" name="setFunctionTypehintSpace" visibility="public" complexity="1" crap="1" count="2"/>
        <line num="427" type="stmt" count="2"/>
        <line num="428" type="stmt" count="2"/>
        <line num="442" type="method" name="setNoExtraConsecutiveBlankLines" visibility="public" complexity="1" crap="1" count="2"/>
        <line num="444" type="stmt" count="2"/>
        <line num="445" type="stmt" count="2"/>
        <line num="459" type="method" name="setPhpdocAddMissingParamAnnotation" visibility="public" complexity="1" crap="1" count="2"/>
        <line num="461" type="stmt" count="2"/>
        <line num="462" type="stmt" count="2"/>
        <line num="476" type="method" name="setIsNull" visibility="public" complexity="1" crap="1" count="2"/>
        <line num="478" type="stmt" count="2"/>
        <line num="479" type="stmt" count="2"/>
        <line num="493" type="method" name="setLinebreakAfterOpeningTag" visibility="public" complexity="1" crap="1" count="2"/>
        <line num="495" type="stmt" count="2"/>
        <line num="496" type="stmt" count="2"/>
        <line num="510" type="method" name="setLowercaseCast" visibility="public" complexity="1" crap="1" count="2"/>
        <line num="512" type="stmt" count="2"/>
        <line num="513" type="stmt" count="2"/>
        <line num="518" type="method" name="toArray" visibility="public" complexity="2" crap="6.00" count="0"/>
        <line num="520" type="stmt" count="0"/>
        <line num="521" type="stmt" count="0"/>
        <line num="523" type="stmt" count="0"/>
        <line num="524" type="stmt" count="0"/>
        <line num="525" type="stmt" count="0"/>
        <line num="526" type="stmt" count="0"/>
        <line num="527" type="stmt" count="0"/>
        <line num="530" type="stmt" count="0"/>
        <line num="532" type="stmt" count="0"/>
        <line num="539" type="method" name="fromJSON" visibility="public" complexity="54" crap="54" count="2"/>
        <line num="541" type="stmt" count="2"/>
        <line num="542" type="stmt" count="2"/>
        <line num="545" type="stmt" count="2"/>
        <line num="546" type="stmt" count="2"/>
        <line num="549" type="stmt" count="2"/>
        <line num="550" type="stmt" count="2"/>
        <line num="553" type="stmt" count="2"/>
        <line num="554" type="stmt" count="2"/>
        <line num="557" type="stmt" count="2"/>
        <line num="558" type="stmt" count="2"/>
        <line num="561" type="stmt" count="2"/>
        <line num="562" type="stmt" count="2"/>
        <line num="565" type="stmt" count="2"/>
        <line num="566" type="stmt" count="2"/>
        <line num="569" type="stmt" count="2"/>
        <line num="570" type="stmt" count="2"/>
        <line num="573" type="stmt" count="2"/>
        <line num="574" type="stmt" count="0"/>
        <line num="577" type="stmt" count="2"/>
        <line num="578" type="stmt" count="2"/>
        <line num="581" type="stmt" count="2"/>
        <line num="582" type="stmt" count="2"/>
        <line num="585" type="stmt" count="2"/>
        <line num="586" type="stmt" count="2"/>
        <line num="589" type="stmt" count="2"/>
        <line num="590" type="stmt" count="2"/>
        <line num="593" type="stmt" count="2"/>
        <line num="594" type="stmt" count="2"/>
        <line num="597" type="stmt" count="2"/>
        <line num="598" type="stmt" count="2"/>
        <line num="601" type="stmt" count="2"/>
        <line num="602" type="stmt" count="2"/>
        <line num="605" type="stmt" count="2"/>
        <line num="606" type="stmt" count="2"/>
        <line num="609" type="stmt" count="2"/>
        <line num="610" type="stmt" count="2"/>
        <line num="613" type="stmt" count="2"/>
        <line num="614" type="stmt" count="2"/>
        <line num="617" type="stmt" count="2"/>
        <line num="618" type="stmt" count="2"/>
        <line num="621" type="stmt" count="2"/>
        <line num="622" type="stmt" count="2"/>
        <line num="625" type="stmt" count="2"/>
        <line num="626" type="stmt" count="2"/>
        <line num="629" type="stmt" count="2"/>
        <line num="630" type="stmt" count="2"/>
        <line num="633" type="stmt" count="2"/>
        <line num="634" type="stmt" count="2"/>
        <line num="637" type="stmt" count="2"/>
        <line num="643" type="method" name="toJSON" visibility="public" complexity="2" crap="2" count="2"/>
        <line num="645" type="stmt" count="2"/>
        <line num="646" type="stmt" count="2"/>
        <line num="648" type="stmt" count="2"/>
        <line num="649" type="stmt" count="2"/>
        <line num="650" type="stmt" count="2"/>
        <line num="651" type="stmt" count="2"/>
        <line num="652" type="stmt" count="2"/>
        <line num="655" type="stmt" count="2"/>
        <line num="658" type="stmt" count="2"/>
        <line num="659" type="stmt" count="2"/>
        <metrics loc="661" ncloc="455" classes="1" methods="27" coveredmethods="24" conditionals="0" coveredconditionals="0" statements="116" coveredstatements="104" elements="143" coveredelements="128"/>
      </file>
    </package>
    <package name="Refactor\Console">
      <file name="/Users/rintveld/Projects/refactor-it/src/Refactor/Console/Animal.php">
        <class name="Refactor\Console\Animal" namespace="Refactor\Console" fullPackage="Refactor" package="Refactor">
          <metrics complexity="2" methods="1" coveredmethods="1" conditionals="0" coveredconditionals="0" statements="2" coveredstatements="2" elements="3" coveredelements="3"/>
        </class>
        <line num="19" type="method" name="speak" visibility="public" complexity="1" crap="1" count="3"/>
        <line num="21" type="stmt" count="3"/>
        <line num="23" type="stmt" count="3"/>
        <metrics loc="37" ncloc="25" classes="1" methods="1" coveredmethods="1" conditionals="0" coveredconditionals="0" statements="2" coveredstatements="2" elements="3" coveredelements="3"/>
      </file>
      <file name="/Users/rintveld/Projects/refactor-it/src/Refactor/Console/Command.php">
        <class name="Refactor\Console\Command" namespace="Refactor\Console" fullPackage="Refactor" package="Refactor">
          <metrics complexity="6" methods="3" coveredmethods="3" conditionals="0" coveredconditionals="0" statements="9" coveredstatements="9" elements="12" coveredelements="12"/>
        </class>
        <line num="20" type="method" name="getGitCommands" visibility="public" complexity="1" crap="1" count="3"/>
        <line num="22" type="stmt" count="3"/>
        <line num="28" type="method" name="getSvnCommand" visibility="public" complexity="1" crap="1" count="1"/>
        <line num="30" type="stmt" count="1"/>
        <line num="37" type="method" name="validateVcsUsage" visibility="public" complexity="4" crap="4" count="5"/>
        <line num="39" type="stmt" count="5"/>
        <line num="40" type="stmt" count="5"/>
        <line num="41" type="stmt" count="5"/>
        <line num="43" type="stmt" count="5"/>
        <line num="44" type="stmt" count="5"/>
        <line num="47" type="stmt" count="5"/>
        <line num="48" type="stmt" count="5"/>
        <metrics loc="67" ncloc="49" classes="1" methods="3" coveredmethods="3" conditionals="0" coveredconditionals="0" statements="9" coveredstatements="9" elements="12" coveredelements="12"/>
      </file>
      <file name="/Users/rintveld/Projects/refactor-it/src/Refactor/Console/Finder.php">
        <class name="Refactor\Console\Finder" namespace="Refactor\Console" fullPackage="Refactor" package="Refactor">
          <metrics complexity="15" methods="4" coveredmethods="3" conditionals="0" coveredconditionals="0" statements="34" coveredstatements="27" elements="38" coveredelements="30"/>
        </class>
        <line num="25" type="method" name="__construct" visibility="public" complexity="1" crap="1" count="2"/>
        <line num="27" type="stmt" count="2"/>
        <line num="28" type="stmt" count="2"/>
        <line num="35" type="method" name="findAdjustedFiles" visibility="public" complexity="7" crap="7" count="2"/>
        <line num="37" type="stmt" count="2"/>
        <line num="38" type="stmt" count="2"/>
        <line num="39" type="stmt" count="2"/>
        <line num="40" type="stmt" count="2"/>
        <line num="41" type="stmt" count="2"/>
        <line num="43" type="stmt" count="2"/>
        <line num="50" type="stmt" count="2"/>
        <line num="55" type="stmt" count="2"/>
        <line num="56" type="stmt" count="2"/>
        <line num="59" type="stmt" count="2"/>
        <line num="60" type="stmt" count="2"/>
        <line num="61" type="stmt" count="2"/>
        <line num="62" type="stmt" count="2"/>
        <line num="63" type="stmt" count="2"/>
        <line num="64" type="stmt" count="2"/>
        <line num="66" type="stmt" count="2"/>
        <line num="69" type="stmt" count="2"/>
        <line num="72" type="stmt" count="2"/>
        <line num="74" type="stmt" count="2"/>
        <line num="82" type="method" name="getPhpFilesOnly" visibility="private" complexity="5" crap="5" count="2"/>
        <line num="84" type="stmt" count="2"/>
        <line num="85" type="stmt" count="2"/>
        <line num="86" type="stmt" count="2"/>
        <line num="92" type="stmt" count="2"/>
        <line num="93" type="stmt" count="2"/>
        <line num="97" type="stmt" count="2"/>
        <line num="105" type="method" name="pushNotification" visibility="public" complexity="2" crap="6.00" count="0"/>
        <line num="107" type="stmt" count="0"/>
        <line num="108" type="stmt" count="0"/>
        <line num="110" type="stmt" count="0"/>
        <line num="111" type="stmt" count="0"/>
        <line num="112" type="stmt" count="0"/>
        <line num="114" type="stmt" count="0"/>
        <line num="115" type="stmt" count="0"/>
        <metrics loc="116" ncloc="81" classes="1" methods="4" coveredmethods="3" conditionals="0" coveredconditionals="0" statements="34" coveredstatements="27" elements="38" coveredelements="30"/>
      </file>
      <file name="/Users/rintveld/Projects/refactor-it/src/Refactor/Console/Fixer.php">
        <class name="Refactor\Console\Fixer" namespace="Refactor\Console" fullPackage="Refactor" package="Refactor">
          <metrics complexity="9" methods="5" coveredmethods="2" conditionals="0" coveredconditionals="0" statements="42" coveredstatements="12" elements="47" coveredelements="14"/>
        </class>
        <line num="34" type="method" name="__construct" visibility="public" complexity="1" crap="1" count="1"/>
        <line num="36" type="stmt" count="1"/>
        <line num="37" type="stmt" count="1"/>
        <line num="38" type="stmt" count="1"/>
        <line num="39" type="stmt" count="1"/>
        <line num="40" type="stmt" count="1"/>
        <line num="51" type="method" name="execute" visibility="public" complexity="1" crap="1" count="1"/>
        <line num="53" type="stmt" count="1"/>
        <line num="54" type="stmt" count="1"/>
        <line num="55" type="stmt" count="1"/>
        <line num="57" type="stmt" count="1"/>
        <line num="64" type="method" name="runRefactor" visibility="private" complexity="4" crap="14.72" count="1"/>
        <line num="66" type="stmt" count="1"/>
        <line num="67" type="stmt" count="1"/>
        <line num="69" type="stmt" count="1"/>
        <line num="72" type="stmt" count="0"/>
        <line num="73" type="stmt" count="0"/>
        <line num="75" type="stmt" count="0"/>
        <line num="76" type="stmt" count="0"/>
        <line num="78" type="stmt" count="0"/>
        <line num="79" type="stmt" count="0"/>
        <line num="80" type="stmt" count="0"/>
        <line num="82" type="stmt" count="0"/>
        <line num="83" type="stmt" count="0"/>
        <line num="85" type="stmt" count="0"/>
        <line num="88" type="stmt" count="0"/>
        <line num="91" type="stmt" count="0"/>
        <line num="92" type="stmt" count="0"/>
        <line num="94" type="stmt" count="0"/>
        <line num="95" type="stmt" count="0"/>
        <line num="96" type="stmt" count="0"/>
        <line num="97" type="stmt" count="0"/>
        <line num="100" type="stmt" count="0"/>
        <line num="101" type="stmt" count="0"/>
        <line num="102" type="stmt" count="0"/>
        <line num="103" type="stmt" count="0"/>
        <line num="108" type="method" name="cleanUp" visibility="private" complexity="1" crap="2.00" count="0"/>
        <line num="110" type="stmt" count="0"/>
        <line num="111" type="stmt" count="0"/>
        <line num="118" type="method" name="pushNotification" visibility="public" complexity="2" crap="6.00" count="0"/>
        <line num="120" type="stmt" count="0"/>
        <line num="121" type="stmt" count="0"/>
        <line num="123" type="stmt" count="0"/>
        <line num="124" type="stmt" count="0"/>
        <line num="125" type="stmt" count="0"/>
        <line num="127" type="stmt" count="0"/>
        <line num="128" type="stmt" count="0"/>
        <metrics loc="129" ncloc="99" classes="1" methods="5" coveredmethods="2" conditionals="0" coveredconditionals="0" statements="42" coveredstatements="12" elements="47" coveredelements="14"/>
      </file>
      <file name="/Users/rintveld/Projects/refactor-it/src/Refactor/Console/GarbageCollector.php">
        <class name="Refactor\Console\GarbageCollector" namespace="Refactor\Console" fullPackage="Refactor" package="Refactor">
          <metrics complexity="2" methods="1" coveredmethods="1" conditionals="0" coveredconditionals="0" statements="7" coveredstatements="7" elements="8" coveredelements="8"/>
        </class>
        <line num="14" type="method" name="cleanUpCacheFile" visibility="public" complexity="2" crap="2" count="1"/>
        <line num="16" type="stmt" count="1"/>
        <line num="17" type="stmt" count="1"/>
        <line num="18" type="stmt" count="1"/>
        <line num="19" type="stmt" count="1"/>
        <line num="20" type="stmt" count="1"/>
        <line num="21" type="stmt" count="1"/>
        <line num="24" type="stmt" count="1"/>
        <metrics loc="25" ncloc="21" classes="1" methods="1" coveredmethods="1" conditionals="0" coveredconditionals="0" statements="7" coveredstatements="7" elements="8" coveredelements="8"/>
      </file>
      <file name="/Users/rintveld/Projects/refactor-it/src/Refactor/Console/PushCommand.php">
        <class name="Refactor\Console\PushCommand" namespace="Refactor\Console" fullPackage="Refactor" package="Refactor">
          <metrics complexity="2" methods="1" coveredmethods="1" conditionals="0" coveredconditionals="0" statements="7" coveredstatements="7" elements="8" coveredelements="8"/>
        </class>
        <line num="20" type="method" name="pushNotification" visibility="public" complexity="2" crap="2" count="1"/>
        <line num="22" type="stmt" count="1"/>
        <line num="23" type="stmt" count="1"/>
        <line num="25" type="stmt" count="1"/>
        <line num="26" type="stmt" count="1"/>
        <line num="27" type="stmt" count="1"/>
        <line num="29" type="stmt" count="1"/>
        <line num="30" type="stmt" count="1"/>
        <metrics loc="31" ncloc="22" classes="1" methods="1" coveredmethods="1" conditionals="0" coveredconditionals="0" statements="7" coveredstatements="7" elements="8" coveredelements="8"/>
      </file>
      <file name="/Users/rintveld/Projects/refactor-it/src/Refactor/Console/Signature.php">
        <class name="Refactor\Console\Signature" namespace="Refactor\Console" fullPackage="Refactor" package="Refactor">
          <metrics complexity="1" methods="0" coveredmethods="0" conditionals="0" coveredconditionals="0" statements="0" coveredstatements="0" elements="0" coveredelements="0"/>
        </class>
        <metrics loc="18" ncloc="10" classes="0" methods="0" coveredmethods="0" conditionals="0" coveredconditionals="0" statements="0" coveredstatements="0" elements="0" coveredelements="0"/>
      </file>
    </package>
    <package name="Refactor\Exception">
      <file name="/Users/rintveld/Projects/refactor-it/src/Refactor/Exception/ExecutionException.php">
        <class name="Refactor\Exception\ExecutionException" namespace="Refactor\Exception" fullPackage="Refactor" package="Refactor">
          <metrics complexity="0" methods="0" coveredmethods="0" conditionals="0" coveredconditionals="0" statements="0" coveredstatements="0" elements="0" coveredelements="0"/>
        </class>
        <metrics loc="11" ncloc="5" classes="0" methods="0" coveredmethods="0" conditionals="0" coveredconditionals="0" statements="0" coveredstatements="0" elements="0" coveredelements="0"/>
      </file>
      <file name="/Users/rintveld/Projects/refactor-it/src/Refactor/Exception/FileNotFoundException.php">
        <class name="Refactor\Exception\FileNotFoundException" namespace="Refactor\Exception" fullPackage="Rocket" package="Rocket">
          <metrics complexity="0" methods="0" coveredmethods="0" conditionals="0" coveredconditionals="0" statements="0" coveredstatements="0" elements="0" coveredelements="0"/>
        </class>
        <metrics loc="11" ncloc="5" classes="0" methods="0" coveredmethods="0" conditionals="0" coveredconditionals="0" statements="0" coveredstatements="0" elements="0" coveredelements="0"/>
      </file>
      <file name="/Users/rintveld/Projects/refactor-it/src/Refactor/Exception/FolderNotFoundException.php">
        <class name="Refactor\Exception\FolderNotFoundException" namespace="Refactor\Exception" fullPackage="Rocket" package="Rocket">
          <metrics complexity="0" methods="0" coveredmethods="0" conditionals="0" coveredconditionals="0" statements="0" coveredstatements="0" elements="0" coveredelements="0"/>
        </class>
        <metrics loc="11" ncloc="5" classes="0" methods="0" coveredmethods="0" conditionals="0" coveredconditionals="0" statements="0" coveredstatements="0" elements="0" coveredelements="0"/>
      </file>
      <file name="/Users/rintveld/Projects/refactor-it/src/Refactor/Exception/MissingConfigException.php">
        <class name="Refactor\Exception\MissingConfigException" namespace="Refactor\Exception" fullPackage="Refactor" package="Refactor">
          <metrics complexity="0" methods="0" coveredmethods="0" conditionals="0" coveredconditionals="0" statements="0" coveredstatements="0" elements="0" coveredelements="0"/>
        </class>
        <metrics loc="11" ncloc="5" classes="0" methods="0" coveredmethods="0" conditionals="0" coveredconditionals="0" statements="0" coveredstatements="0" elements="0" coveredelements="0"/>
      </file>
      <file name="/Users/rintveld/Projects/refactor-it/src/Refactor/Exception/UnknownVcsTypeException.php">
        <class name="Refactor\Exception\UnknownVcsTypeException" namespace="Refactor\Exception" fullPackage="Refactor" package="Refactor">
          <metrics complexity="0" methods="0" coveredmethods="0" conditionals="0" coveredconditionals="0" statements="0" coveredstatements="0" elements="0" coveredelements="0"/>
        </class>
        <metrics loc="11" ncloc="5" classes="0" methods="0" coveredmethods="0" conditionals="0" coveredconditionals="0" statements="0" coveredstatements="0" elements="0" coveredelements="0"/>
      </file>
      <file name="/Users/rintveld/Projects/refactor-it/src/Refactor/Exception/WrongVcsTypeException.php">
        <class name="Refactor\Exception\WrongVcsTypeException" namespace="Refactor\Exception" fullPackage="Refactor" package="Refactor">
          <metrics complexity="0" methods="0" coveredmethods="0" conditionals="0" coveredconditionals="0" statements="0" coveredstatements="0" elements="0" coveredelements="0"/>
        </class>
        <metrics loc="11" ncloc="5" classes="0" methods="0" coveredmethods="0" conditionals="0" coveredconditionals="0" statements="0" coveredstatements="0" elements="0" coveredelements="0"/>
      </file>
    </package>
    <package name="Refactor">
      <file name="/Users/rintveld/Projects/refactor-it/src/Refactor/Init.php">
        <class name="Refactor\Init" namespace="Refactor" fullPackage="Refactor" package="Refactor">
          <metrics complexity="17" methods="6" coveredmethods="6" conditionals="0" coveredconditionals="0" statements="23" coveredstatements="23" elements="29" coveredelements="29"/>
        </class>
        <line num="27" type="method" name="__construct" visibility="public" complexity="1" crap="1" count="1"/>
        <line num="29" type="stmt" count="1"/>
        <line num="30" type="stmt" count="1"/>
        <line num="38" type="method" name="execute" visibility="public" complexity="6" crap="6" count="1"/>
        <line num="40" type="stmt" count="1"/>
        <line num="42" type="stmt" count="1"/>
        <line num="43" type="stmt" count="1"/>
        <line num="45" type="stmt" count="1"/>
        <line num="46" type="stmt" count="1"/>
        <line num="79" type="stmt" count="1"/>
        <line num="80" type="stmt" count="1"/>
        <line num="81" type="stmt" count="1"/>
        <line num="87" type="method" name="getRules" visibility="private" complexity="1" crap="1" count="1"/>
        <line num="89" type="stmt" count="1"/>
        <line num="97" type="method" name="getRefactorRules" visibility="private" complexity="3" crap="3" count="1"/>
        <line num="99" type="stmt" count="1"/>
        <line num="100" type="stmt" count="1"/>
        <line num="101" type="stmt" count="1"/>
        <line num="104" type="stmt" count="1"/>
        <line num="111" type="method" name="writeRefactorRules" visibility="private" complexity="4" crap="4" count="1"/>
        <line num="113" type="stmt" count="1"/>
        <line num="115" type="stmt" count="1"/>
        <line num="121" type="stmt" count="1"/>
        <line num="127" type="stmt" count="1"/>
        <line num="132" type="stmt" count="1"/>
        <line num="137" type="method" name="configureGitIgnore" visibility="private" complexity="2" crap="2" count="1"/>
        <line num="139" type="stmt" count="1"/>
        <line num="140" type="stmt" count="1"/>
        <line num="145" type="stmt" count="1"/>
        <metrics loc="146" ncloc="94" classes="1" methods="6" coveredmethods="6" conditionals="0" coveredconditionals="0" statements="23" coveredstatements="23" elements="29" coveredelements="29"/>
      </file>
    </package>
    <package name="Refactor\Utility">
      <file name="/Users/rintveld/Projects/refactor-it/src/Refactor/Utility/PathUtility.php">
        <class name="Refactor\Utility\PathUtility" namespace="Refactor\Utility" fullPackage="Refactor" package="Refactor">
          <metrics complexity="4" methods="4" coveredmethods="4" conditionals="0" coveredconditionals="0" statements="4" coveredstatements="4" elements="8" coveredelements="8"/>
        </class>
        <line num="16" type="method" name="getRootPath" visibility="public" complexity="1" crap="1" count="7"/>
        <line num="18" type="stmt" count="7"/>
        <line num="24" type="method" name="getRefactorItPath" visibility="public" complexity="1" crap="1" count="5"/>
        <line num="26" type="stmt" count="5"/>
        <line num="32" type="method" name="getRefactorItRulesFile" visibility="public" complexity="1" crap="1" count="3"/>
        <line num="34" type="stmt" count="3"/>
        <line num="40" type="method" name="getGitIgnoreFile" visibility="public" complexity="1" crap="1" count="1"/>
        <line num="42" type="stmt" count="1"/>
        <metrics loc="44" ncloc="28" classes="1" methods="4" coveredmethods="4" conditionals="0" coveredconditionals="0" statements="4" coveredstatements="4" elements="8" coveredelements="8"/>
      </file>
    </package>
    <metrics files="20" loc="1471" ncloc="994" classes="10" methods="55" coveredmethods="48" conditionals="0" coveredconditionals="0" statements="262" coveredstatements="213" elements="317" coveredelements="261"/>
  </project>
</coverage>
